# JRE version: Java(TM) SE Runtime Environment (21.0.4+8) (build 21.0.4+8-LTS-274)
# Java VM: Java HotSpot(TM) 64-Bit Server VM (21.0.4+8-LTS-274, mixed mode, sharing, tiered, compressed oops, compressed class ptrs, serial gc, windows-amd64)
GC Precious Log:
 CardTable entry size: 512
 CPUs: 2 total, 2 available
 Memory: 1678M
 Large Page Support: Disabled
 NUMA Support: Disabled
 Compressed Oops: Enabled (32-bit)
 Heap Min Capacity: 8M
 Heap Initial Capacity: 28M
 Heap Max Capacity: 420M
 Pre-touch: Disabled
Heap:
 def new generation   total 8640K, used 1355K [0x00000000e5c00000, 0x00000000e6550000, 0x00000000ee800000)
  eden space 7744K,   8% used [0x00000000e5c00000, 0x00000000e5ca2380, 0x00000000e6390000)
  from space 896K,  78% used [0x00000000e6390000, 0x00000000e6440a50, 0x00000000e6470000)
  to   space 896K,   0% used [0x00000000e6470000, 0x00000000e6470000, 0x00000000e6550000)
 tenured generation   total 19136K, used 6999K [0x00000000ee800000, 0x00000000efab0000, 0x0000000100000000)
   the space 19136K,  36% used [0x00000000ee800000, 0x00000000eeed5e18, 0x00000000eeed6000, 0x00000000efab0000)
 Metaspace       used 15453K, committed 15680K, reserved 1114112K
  class space    used 1812K, committed 1920K, reserved 1048576K
GC Heap History (20 events):
Event: 1.739 GC heap before
{Heap before GC invocations=0 (full 0):
 def new generation   total 8640K, used 7744K [0x00000000e5c00000, 0x00000000e6550000, 0x00000000ee800000)
  eden space 7744K, 100% used [0x00000000e5c00000, 0x00000000e6390000, 0x00000000e6390000)
  from space 896K,   0% used [0x00000000e6390000, 0x00000000e6390000, 0x00000000e6470000)
  to   space 896K,   0% used [0x00000000e6470000, 0x00000000e6470000, 0x00000000e6550000)
 tenured generation   total 19136K, used 0K [0x00000000ee800000, 0x00000000efab0000, 0x0000000100000000)
   the space 19136K,   0% used [0x00000000ee800000, 0x00000000ee800000, 0x00000000ee800200, 0x00000000efab0000)
 Metaspace       used 2680K, committed 2816K, reserved 1114112K
  class space    used 253K, committed 320K, reserved 1048576K
}
Event: 1.750 GC heap after
{Heap after GC invocations=1 (full 0):
 def new generation   total 8640K, used 896K [0x00000000e5c00000, 0x00000000e6550000, 0x00000000ee800000)
  eden space 7744K,   0% used [0x00000000e5c00000, 0x00000000e5c00000, 0x00000000e6390000)
  from space 896K, 100% used [0x00000000e6470000, 0x00000000e6550000, 0x00000000e6550000)
  to   space 896K,   0% used [0x00000000e6390000, 0x00000000e6390000, 0x00000000e6470000)
 tenured generation   total 19136K, used 1529K [0x00000000ee800000, 0x00000000efab0000, 0x0000000100000000)
   the space 19136K,   7% used [0x00000000ee800000, 0x00000000ee97e420, 0x00000000ee97e600, 0x00000000efab0000)
 Metaspace       used 2680K, committed 2816K, reserved 1114112K
  class space    used 253K, committed 320K, reserved 1048576K
}
Event: 2.719 GC heap before
{Heap before GC invocations=1 (full 0):
 def new generation   total 8640K, used 8640K [0x00000000e5c00000, 0x00000000e6550000, 0x00000000ee800000)
  eden space 7744K, 100% used [0x00000000e5c00000, 0x00000000e6390000, 0x00000000e6390000)
  from space 896K, 100% used [0x00000000e6470000, 0x00000000e6550000, 0x00000000e6550000)
  to   space 896K,   0% used [0x00000000e6390000, 0x00000000e6390000, 0x00000000e6470000)
 tenured generation   total 19136K, used 1529K [0x00000000ee800000, 0x00000000efab0000, 0x0000000100000000)
   the space 19136K,   7% used [0x00000000ee800000, 0x00000000ee97e420, 0x00000000ee97e600, 0x00000000efab0000)
 Metaspace       used 4914K, committed 5120K, reserved 1114112K
  class space    used 554K, committed 640K, reserved 1048576K
}
Event: 2.731 GC heap after
{Heap after GC invocations=2 (full 0):
 def new generation   total 8640K, used 896K [0x00000000e5c00000, 0x00000000e6550000, 0x00000000ee800000)
  eden space 7744K,   0% used [0x00000000e5c00000, 0x00000000e5c00000, 0x00000000e6390000)
  from space 896K, 100% used [0x00000000e6390000, 0x00000000e6470000, 0x00000000e6470000)
  to   space 896K,   0% used [0x00000000e6470000, 0x00000000e6470000, 0x00000000e6550000)
 tenured generation   total 19136K, used 2498K [0x00000000ee800000, 0x00000000efab0000, 0x0000000100000000)
   the space 19136K,  13% used [0x00000000ee800000, 0x00000000eea70878, 0x00000000eea70a00, 0x00000000efab0000)
 Metaspace       used 4914K, committed 5120K, reserved 1114112K
  class space    used 554K, committed 640K, reserved 1048576K
}
Event: 3.273 GC heap before
{Heap before GC invocations=2 (full 0):
 def new generation   total 8640K, used 8640K [0x00000000e5c00000, 0x00000000e6550000, 0x00000000ee800000)
  eden space 7744K, 100% used [0x00000000e5c00000, 0x00000000e6390000, 0x00000000e6390000)
  from space 896K, 100% used [0x00000000e6390000, 0x00000000e6470000, 0x00000000e6470000)
  to   space 896K,   0% used [0x00000000e6470000, 0x00000000e6470000, 0x00000000e6550000)
 tenured generation   total 19136K, used 2498K [0x00000000ee800000, 0x00000000efab0000, 0x0000000100000000)
   the space 19136K,  13% used [0x00000000ee800000, 0x00000000eea70878, 0x00000000eea70a00, 0x00000000efab0000)
 Metaspace       used 5873K, committed 6080K, reserved 1114112K
  class space    used 673K, committed 768K, reserved 1048576K
}
Event: 3.280 GC heap after
{Heap after GC invocations=3 (full 0):
 def new generation   total 8640K, used 426K [0x00000000e5c00000, 0x00000000e6550000, 0x00000000ee800000)
  eden space 7744K,   0% used [0x00000000e5c00000, 0x00000000e5c00000, 0x00000000e6390000)
  from space 896K,  47% used [0x00000000e6470000, 0x00000000e64da8f0, 0x00000000e6550000)
  to   space 896K,   0% used [0x00000000e6390000, 0x00000000e6390000, 0x00000000e6470000)
 tenured generation   total 19136K, used 3373K [0x00000000ee800000, 0x00000000efab0000, 0x0000000100000000)
   the space 19136K,  17% used [0x00000000ee800000, 0x00000000eeb4b730, 0x00000000eeb4b800, 0x00000000efab0000)
 Metaspace       used 5873K, committed 6080K, reserved 1114112K
  class space    used 673K, committed 768K, reserved 1048576K
}
Event: 3.844 GC heap before
{Heap before GC invocations=3 (full 0):
 def new generation   total 8640K, used 8170K [0x00000000e5c00000, 0x00000000e6550000, 0x00000000ee800000)
  eden space 7744K, 100% used [0x00000000e5c00000, 0x00000000e6390000, 0x00000000e6390000)
  from space 896K,  47% used [0x00000000e6470000, 0x00000000e64da8f0, 0x00000000e6550000)
  to   space 896K,   0% used [0x00000000e6390000, 0x00000000e6390000, 0x00000000e6470000)
 tenured generation   total 19136K, used 3373K [0x00000000ee800000, 0x00000000efab0000, 0x0000000100000000)
   the space 19136K,  17% used [0x00000000ee800000, 0x00000000eeb4b730, 0x00000000eeb4b800, 0x00000000efab0000)
 Metaspace       used 6698K, committed 6848K, reserved 1114112K
  class space    used 763K, committed 832K, reserved 1048576K
}
Event: 3.848 GC heap after
{Heap after GC invocations=4 (full 0):
 def new generation   total 8640K, used 578K [0x00000000e5c00000, 0x00000000e6550000, 0x00000000ee800000)
  eden space 7744K,   0% used [0x00000000e5c00000, 0x00000000e5c00000, 0x00000000e6390000)
  from space 896K,  64% used [0x00000000e6390000, 0x00000000e6420b90, 0x00000000e6470000)
  to   space 896K,   0% used [0x00000000e6470000, 0x00000000e6470000, 0x00000000e6550000)
 tenured generation   total 19136K, used 3373K [0x00000000ee800000, 0x00000000efab0000, 0x0000000100000000)
   the space 19136K,  17% used [0x00000000ee800000, 0x00000000eeb4b730, 0x00000000eeb4b800, 0x00000000efab0000)
 Metaspace       used 6698K, committed 6848K, reserved 1114112K
  class space    used 763K, committed 832K, reserved 1048576K
}
Event: 4.328 GC heap before
{Heap before GC invocations=4 (full 0):
 def new generation   total 8640K, used 8322K [0x00000000e5c00000, 0x00000000e6550000, 0x00000000ee800000)
  eden space 7744K, 100% used [0x00000000e5c00000, 0x00000000e6390000, 0x00000000e6390000)
  from space 896K,  64% used [0x00000000e6390000, 0x00000000e6420b90, 0x00000000e6470000)
  to   space 896K,   0% used [0x00000000e6470000, 0x00000000e6470000, 0x00000000e6550000)
 tenured generation   total 19136K, used 3373K [0x00000000ee800000, 0x00000000efab0000, 0x0000000100000000)
   the space 19136K,  17% used [0x00000000ee800000, 0x00000000eeb4b730, 0x00000000eeb4b800, 0x00000000efab0000)
 Metaspace       used 7331K, committed 7552K, reserved 1114112K
  class space    used 839K, committed 960K, reserved 1048576K
}
Event: 4.333 GC heap after
{Heap after GC invocations=5 (full 0):
 def new generation   total 8640K, used 607K [0x00000000e5c00000, 0x00000000e6550000, 0x00000000ee800000)
  eden space 7744K,   0% used [0x00000000e5c00000, 0x00000000e5c00000, 0x00000000e6390000)
  from space 896K,  67% used [0x00000000e6470000, 0x00000000e6507e20, 0x00000000e6550000)
  to   space 896K,   0% used [0x00000000e6390000, 0x00000000e6390000, 0x00000000e6470000)
 tenured generation   total 19136K, used 3664K [0x00000000ee800000, 0x00000000efab0000, 0x0000000100000000)
   the space 19136K,  19% used [0x00000000ee800000, 0x00000000eeb94248, 0x00000000eeb94400, 0x00000000efab0000)
 Metaspace       used 7331K, committed 7552K, reserved 1114112K
  class space    used 839K, committed 960K, reserved 1048576K
}
Event: 4.952 GC heap before
{Heap before GC invocations=5 (full 0):
 def new generation   total 8640K, used 8328K [0x00000000e5c00000, 0x00000000e6550000, 0x00000000ee800000)
  eden space 7744K,  99% used [0x00000000e5c00000, 0x00000000e638a588, 0x00000000e6390000)
  from space 896K,  67% used [0x00000000e6470000, 0x00000000e6507e20, 0x00000000e6550000)
  to   space 896K,   0% used [0x00000000e6390000, 0x00000000e6390000, 0x00000000e6470000)
 tenured generation   total 19136K, used 3664K [0x00000000ee800000, 0x00000000efab0000, 0x0000000100000000)
   the space 19136K,  19% used [0x00000000ee800000, 0x00000000eeb94248, 0x00000000eeb94400, 0x00000000efab0000)
 Metaspace       used 8844K, committed 9024K, reserved 1114112K
  class space    used 1026K, committed 1088K, reserved 1048576K
}
Event: 4.957 GC heap after
{Heap after GC invocations=6 (full 0):
 def new generation   total 8640K, used 882K [0x00000000e5c00000, 0x00000000e6550000, 0x00000000ee800000)
  eden space 7744K,   0% used [0x00000000e5c00000, 0x00000000e5c00000, 0x00000000e6390000)
  from space 896K,  98% used [0x00000000e6390000, 0x00000000e646c9f0, 0x00000000e6470000)
  to   space 896K,   0% used [0x00000000e6470000, 0x00000000e6470000, 0x00000000e6550000)
 tenured generation   total 19136K, used 3921K [0x00000000ee800000, 0x00000000efab0000, 0x0000000100000000)
   the space 19136K,  20% used [0x00000000ee800000, 0x00000000eebd4540, 0x00000000eebd4600, 0x00000000efab0000)
 Metaspace       used 8844K, committed 9024K, reserved 1114112K
  class space    used 1026K, committed 1088K, reserved 1048576K
}
Event: 5.658 GC heap before
{Heap before GC invocations=6 (full 0):
 def new generation   total 8640K, used 8626K [0x00000000e5c00000, 0x00000000e6550000, 0x00000000ee800000)
  eden space 7744K, 100% used [0x00000000e5c00000, 0x00000000e6390000, 0x00000000e6390000)
  from space 896K,  98% used [0x00000000e6390000, 0x00000000e646c9f0, 0x00000000e6470000)
  to   space 896K,   0% used [0x00000000e6470000, 0x00000000e6470000, 0x00000000e6550000)
 tenured generation   total 19136K, used 3921K [0x00000000ee800000, 0x00000000efab0000, 0x0000000100000000)
   the space 19136K,  20% used [0x00000000ee800000, 0x00000000eebd4540, 0x00000000eebd4600, 0x00000000efab0000)
 Metaspace       used 10512K, committed 10688K, reserved 1114112K
  class space    used 1240K, committed 1344K, reserved 1048576K
}
Event: 5.666 GC heap after
{Heap after GC invocations=7 (full 0):
 def new generation   total 8640K, used 798K [0x00000000e5c00000, 0x00000000e6550000, 0x00000000ee800000)
  eden space 7744K,   0% used [0x00000000e5c00000, 0x00000000e5c00000, 0x00000000e6390000)
  from space 896K,  89% used [0x00000000e6470000, 0x00000000e6537b60, 0x00000000e6550000)
  to   space 896K,   0% used [0x00000000e6390000, 0x00000000e6390000, 0x00000000e6470000)
 tenured generation   total 19136K, used 4728K [0x00000000ee800000, 0x00000000efab0000, 0x0000000100000000)
   the space 19136K,  24% used [0x00000000ee800000, 0x00000000eec9e1c0, 0x00000000eec9e200, 0x00000000efab0000)
 Metaspace       used 10512K, committed 10688K, reserved 1114112K
  class space    used 1240K, committed 1344K, reserved 1048576K
}
Event: 6.472 GC heap before
{Heap before GC invocations=7 (full 0):
 def new generation   total 8640K, used 8542K [0x00000000e5c00000, 0x00000000e6550000, 0x00000000ee800000)
  eden space 7744K, 100% used [0x00000000e5c00000, 0x00000000e6390000, 0x00000000e6390000)
  from space 896K,  89% used [0x00000000e6470000, 0x00000000e6537b60, 0x00000000e6550000)
  to   space 896K,   0% used [0x00000000e6390000, 0x00000000e6390000, 0x00000000e6470000)
 tenured generation   total 19136K, used 4728K [0x00000000ee800000, 0x00000000efab0000, 0x0000000100000000)
   the space 19136K,  24% used [0x00000000ee800000, 0x00000000eec9e1c0, 0x00000000eec9e200, 0x00000000efab0000)
 Metaspace       used 12075K, committed 12288K, reserved 1114112K
  class space    used 1436K, committed 1536K, reserved 1048576K
}
Event: 6.481 GC heap after
{Heap after GC invocations=8 (full 0):
 def new generation   total 8640K, used 773K [0x00000000e5c00000, 0x00000000e6550000, 0x00000000ee800000)
  eden space 7744K,   0% used [0x00000000e5c00000, 0x00000000e5c00000, 0x00000000e6390000)
  from space 896K,  86% used [0x00000000e6390000, 0x00000000e64515d0, 0x00000000e6470000)
  to   space 896K,   0% used [0x00000000e6470000, 0x00000000e6470000, 0x00000000e6550000)
 tenured generation   total 19136K, used 5514K [0x00000000ee800000, 0x00000000efab0000, 0x0000000100000000)
   the space 19136K,  28% used [0x00000000ee800000, 0x00000000eed62b08, 0x00000000eed62c00, 0x00000000efab0000)
 Metaspace       used 12075K, committed 12288K, reserved 1114112K
  class space    used 1436K, committed 1536K, reserved 1048576K
}
Event: 7.376 GC heap before
{Heap before GC invocations=8 (full 0):
 def new generation   total 8640K, used 8517K [0x00000000e5c00000, 0x00000000e6550000, 0x00000000ee800000)
  eden space 7744K, 100% used [0x00000000e5c00000, 0x00000000e6390000, 0x00000000e6390000)
  from space 896K,  86% used [0x00000000e6390000, 0x00000000e64515d0, 0x00000000e6470000)
  to   space 896K,   0% used [0x00000000e6470000, 0x00000000e6470000, 0x00000000e6550000)
 tenured generation   total 19136K, used 5514K [0x00000000ee800000, 0x00000000efab0000, 0x0000000100000000)
   the space 19136K,  28% used [0x00000000ee800000, 0x00000000eed62b08, 0x00000000eed62c00, 0x00000000efab0000)
 Metaspace       used 13524K, committed 13760K, reserved 1114112K
  class space    used 1613K, committed 1728K, reserved 1048576K
}
Event: 7.387 GC heap after
{Heap after GC invocations=9 (full 0):
 def new generation   total 8640K, used 754K [0x00000000e5c00000, 0x00000000e6550000, 0x00000000ee800000)
  eden space 7744K,   0% used [0x00000000e5c00000, 0x00000000e5c00000, 0x00000000e6390000)
  from space 896K,  84% used [0x00000000e6470000, 0x00000000e652c8a8, 0x00000000e6550000)
  to   space 896K,   0% used [0x00000000e6390000, 0x00000000e6390000, 0x00000000e6470000)
 tenured generation   total 19136K, used 6271K [0x00000000ee800000, 0x00000000efab0000, 0x0000000100000000)
   the space 19136K,  32% used [0x00000000ee800000, 0x00000000eee1fea0, 0x00000000eee20000, 0x00000000efab0000)
 Metaspace       used 13524K, committed 13760K, reserved 1114112K
  class space    used 1613K, committed 1728K, reserved 1048576K
}
Event: 8.409 GC heap before
{Heap before GC invocations=9 (full 0):
 def new generation   total 8640K, used 8498K [0x00000000e5c00000, 0x00000000e6550000, 0x00000000ee800000)
  eden space 7744K, 100% used [0x00000000e5c00000, 0x00000000e6390000, 0x00000000e6390000)
  from space 896K,  84% used [0x00000000e6470000, 0x00000000e652c8a8, 0x00000000e6550000)
  to   space 896K,   0% used [0x00000000e6390000, 0x00000000e6390000, 0x00000000e6470000)
 tenured generation   total 19136K, used 6271K [0x00000000ee800000, 0x00000000efab0000, 0x0000000100000000)
   the space 19136K,  32% used [0x00000000ee800000, 0x00000000eee1fea0, 0x00000000eee20000, 0x00000000efab0000)
 Metaspace       used 15404K, committed 15680K, reserved 1114112K
  class space    used 1811K, committed 1920K, reserved 1048576K
}
Event: 8.420 GC heap after
{Heap after GC invocations=10 (full 0):
 def new generation   total 8640K, used 706K [0x00000000e5c00000, 0x00000000e6550000, 0x00000000ee800000)
  eden space 7744K,   0% used [0x00000000e5c00000, 0x00000000e5c00000, 0x00000000e6390000)
  from space 896K,  78% used [0x00000000e6390000, 0x00000000e6440a50, 0x00000000e6470000)
  to   space 896K,   0% used [0x00000000e6470000, 0x00000000e6470000, 0x00000000e6550000)
 tenured generation   total 19136K, used 6999K [0x00000000ee800000, 0x00000000efab0000, 0x0000000100000000)
   the space 19136K,  36% used [0x00000000ee800000, 0x00000000eeed5e18, 0x00000000eeed6000, 0x00000000efab0000)
 Metaspace       used 15404K, committed 15680K, reserved 1114112K
  class space    used 1811K, committed 1920K, reserved 1048576K
}

